<?xml version='1.0'?>
<ns2:test-suite xmlns:ns2='urn:model.allure.qatools.yandex.ru' start='1663875617212' stop='1663875639318'>
    <name>Sprint 1 Testcases: Verify user can update number of guests on Home page</name>
    <title>Sprint 1 Testcases: Verify user can update number of guests on Home page</title>
    <test-cases>
        <test-case start='1663875617213' status='passed' stop='1663875617215'>
            <name></name>
            <title></title>
            <labels>
                <label name='language' value='javascript'/>
                <label name='framework' value='wdio'/>
                <label name='thread' value='0-1'/>
            </labels>
            <parameters>
                <parameter kind='argument' name='browser' value='chrome-105.0.5195.102'/>
            </parameters>
            <steps/>
            <attachments/>
        </test-case>
        <test-case start='1663875617215' status='passed' stop='1663875626071'>
            <name>Given I am on Hotels landing page</name>
            <title>Given I am on Hotels landing page</title>
            <labels>
                <label name='language' value='javascript'/>
                <label name='framework' value='wdio'/>
                <label name='thread' value='0-1'/>
            </labels>
            <parameters>
                <parameter kind='argument' name='browser' value='chrome-105.0.5195.102'/>
            </parameters>
            <steps/>
            <attachments/>
        </test-case>
        <test-case start='1663875626071' status='passed' stop='1663875629263'>
            <name>When I click on Travelers</name>
            <title>When I click on Travelers</title>
            <labels>
                <label name='language' value='javascript'/>
                <label name='framework' value='wdio'/>
                <label name='thread' value='0-1'/>
            </labels>
            <parameters>
                <parameter kind='argument' name='browser' value='chrome-105.0.5195.102'/>
            </parameters>
            <steps/>
            <attachments/>
        </test-case>
        <test-case start='1663875629263' status='broken' stop='1663875639307'>
            <name>And I enter 6 Adults</name>
            <title>And I enter 6 Adults</title>
            <labels>
                <label name='language' value='javascript'/>
                <label name='framework' value='wdio'/>
                <label name='thread' value='0-1'/>
            </labels>
            <parameters>
                <parameter kind='argument' name='browser' value='chrome-105.0.5195.102'/>
            </parameters>
            <steps/>
            <attachments/>
            <failure>
                <message>Error: element ("//*[@id='traveler_selector_adult_step_input-0-increase-title']") still not clickable after 10000ms</message>
                <stack-trace>Error: element ("//*[@id='traveler_selector_adult_step_input-0-increase-title']") still not clickable after 10000ms
                    at C:\Users\ravee\Desktop\Study\Js-Summer-Cucumber-2022\node_modules\webdriverio\build\commands\browser\waitUntil.js:66:23
                    at async Element.wrapCommandFn (C:\Users\ravee\Desktop\Study\Js-Summer-Cucumber-2022\node_modules\@wdio\utils\build\shim.js:137:29)
                    at async Element.elementErrorHandlerCallbackFn (C:\Users\ravee\Desktop\Study\Js-Summer-Cucumber-2022\node_modules\webdriverio\build\middlewares.js:24:32)
                    at async Element.wrapCommandFn (C:\Users\ravee\Desktop\Study\Js-Summer-Cucumber-2022\node_modules\@wdio\utils\build\shim.js:137:29)
                    at async Element.wrapCommandFn (C:\Users\ravee\Desktop\Study\Js-Summer-Cucumber-2022\node_modules\@wdio\utils\build\shim.js:137:29)
                    at async Element.elementErrorHandlerCallbackFn (C:\Users\ravee\Desktop\Study\Js-Summer-Cucumber-2022\node_modules\webdriverio\build\middlewares.js:24:32)
                    at async Element.wrapCommandFn (C:\Users\ravee\Desktop\Study\Js-Summer-Cucumber-2022\node_modules\@wdio\utils\build\shim.js:137:29)
                    at async Commands.findClickableWebElement (C:\Users\ravee\Desktop\Study\Js-Summer-Cucumber-2022\Utils\Commands.js:72:9)
                    at async Commands.clickWebElement (C:\Users\ravee\Desktop\Study\Js-Summer-Cucumber-2022\Utils\Commands.js:93:25)
                    at async HotelsHome.clickAdultsIncrease (C:\Users\ravee\Desktop\Study\Js-Summer-Cucumber-2022\POM\Hotels\HotelsHome.js:57:5)</stack-trace>
            </failure>
        </test-case>
        <test-case start='1663875639307' status='pending' stop='1663875639308'>
            <name>And I enter 3 Children</name>
            <title>And I enter 3 Children</title>
            <labels>
                <label name='language' value='javascript'/>
                <label name='framework' value='wdio'/>
                <label name='thread' value='0-1'/>
            </labels>
            <parameters>
                <parameter kind='argument' name='browser' value='chrome-105.0.5195.102'/>
            </parameters>
            <steps/>
            <attachments/>
        </test-case>
        <test-case start='1663875639309' status='pending' stop='1663875639309'>
            <name>And I select first child age: 4</name>
            <title>And I select first child age: 4</title>
            <labels>
                <label name='language' value='javascript'/>
                <label name='framework' value='wdio'/>
                <label name='thread' value='0-1'/>
            </labels>
            <parameters>
                <parameter kind='argument' name='browser' value='chrome-105.0.5195.102'/>
            </parameters>
            <steps/>
            <attachments/>
        </test-case>
        <test-case start='1663875639309' status='broken' stop='1663875639311'>
            <name>And I select second child age: Under 1</name>
            <title>And I select second child age: Under 1</title>
            <labels>
                <label name='language' value='javascript'/>
                <label name='framework' value='wdio'/>
                <label name='thread' value='0-1'/>
            </labels>
            <parameters>
                <parameter kind='argument' name='browser' value='chrome-105.0.5195.102'/>
            </parameters>
            <steps/>
            <attachments/>
            <failure>
                <message>Step "I select second child age: Under 1" is not defined. You can ignore this error by setting cucumberOpts.ignoreUndefinedDefinitions as true.</message>
                <stack-trace>Step "I select second child age: Under 1" is not defined. You can ignore this error by setting cucumberOpts.ignoreUndefinedDefinitions as true.
                	at Feature(C:\Users\ravee\Desktop\Study\Js-Summer-Cucumber-2022\features\Hotels\Sprint1.feature):1:1
                	at Scenario(Verify user can update number of guests on Home page):5:1
                	at Step(I select second child age: Under 1):11:5
                </stack-trace>
            </failure>
        </test-case>
        <test-case start='1663875639311' status='broken' stop='1663875639312'>
            <name>And I select third child age: 7</name>
            <title>And I select third child age: 7</title>
            <labels>
                <label name='language' value='javascript'/>
                <label name='framework' value='wdio'/>
                <label name='thread' value='0-1'/>
            </labels>
            <parameters>
                <parameter kind='argument' name='browser' value='chrome-105.0.5195.102'/>
            </parameters>
            <steps/>
            <attachments/>
            <failure>
                <message>Step "I select third child age: 7" is not defined. You can ignore this error by setting cucumberOpts.ignoreUndefinedDefinitions as true.</message>
                <stack-trace>Step "I select third child age: 7" is not defined. You can ignore this error by setting cucumberOpts.ignoreUndefinedDefinitions as true.
                	at Feature(C:\Users\ravee\Desktop\Study\Js-Summer-Cucumber-2022\features\Hotels\Sprint1.feature):1:1
                	at Scenario(Verify user can update number of guests on Home page):5:1
                	at Step(I select third child age: 7):12:5
                </stack-trace>
            </failure>
        </test-case>
        <test-case start='1663875639312' status='pending' stop='1663875639313'>
            <name>And I click Done</name>
            <title>And I click Done</title>
            <labels>
                <label name='language' value='javascript'/>
                <label name='framework' value='wdio'/>
                <label name='thread' value='0-1'/>
            </labels>
            <parameters>
                <parameter kind='argument' name='browser' value='chrome-105.0.5195.102'/>
            </parameters>
            <steps/>
            <attachments/>
        </test-case>
        <test-case start='1663875639314' status='pending' stop='1663875639315'>
            <name>Then I verify total number of guests in sum of adults and children as same as selected on step #4 and #5</name>
            <title>Then I verify total number of guests in sum of adults and children as same as selected on step #4 and #5</title>
            <labels>
                <label name='language' value='javascript'/>
                <label name='framework' value='wdio'/>
                <label name='thread' value='0-1'/>
            </labels>
            <parameters>
                <parameter kind='argument' name='browser' value='chrome-105.0.5195.102'/>
            </parameters>
            <steps/>
            <attachments/>
        </test-case>
        <test-case start='1663875639315' status='passed' stop='1663875639316'>
            <name></name>
            <title></title>
            <labels>
                <label name='language' value='javascript'/>
                <label name='framework' value='wdio'/>
                <label name='thread' value='0-1'/>
            </labels>
            <parameters>
                <parameter kind='argument' name='browser' value='chrome-105.0.5195.102'/>
            </parameters>
            <steps/>
            <attachments/>
        </test-case>
    </test-cases>
</ns2:test-suite>